2024-06-29T02:41:10.628+03:00  INFO 18568 --- [zasechkaServer] [main] c.e.z.ZasechkaServerApplication          : Starting ZasechkaServerApplication using Java 19.0.2 with PID 18568 (C:\Users\cheku\IdeaProjects\ZasechkaServer\target\classes started by cheku in C:\Users\cheku\IdeaProjects\ZasechkaServer)
2024-06-29T02:41:10.634+03:00 DEBUG 18568 --- [zasechkaServer] [main] c.e.z.ZasechkaServerApplication          : Running with Spring Boot v3.3.1, Spring v6.1.10
2024-06-29T02:41:10.635+03:00  INFO 18568 --- [zasechkaServer] [main] c.e.z.ZasechkaServerApplication          : No active profile set, falling back to 1 default profile: "default"
2024-06-29T02:41:11.249+03:00  INFO 18568 --- [zasechkaServer] [main] .s.d.r.c.RepositoryConfigurationDelegate : Bootstrapping Spring Data JPA repositories in DEFAULT mode.
2024-06-29T02:41:11.303+03:00  INFO 18568 --- [zasechkaServer] [main] .s.d.r.c.RepositoryConfigurationDelegate : Finished Spring Data repository scanning in 40 ms. Found 2 JPA repository interfaces.
2024-06-29T02:41:11.766+03:00  INFO 18568 --- [zasechkaServer] [main] o.s.b.w.embedded.tomcat.TomcatWebServer  : Tomcat initialized with port 8080 (http)
2024-06-29T02:41:11.779+03:00  INFO 18568 --- [zasechkaServer] [main] o.apache.catalina.core.StandardService   : Starting service [Tomcat]
2024-06-29T02:41:11.780+03:00  INFO 18568 --- [zasechkaServer] [main] o.apache.catalina.core.StandardEngine    : Starting Servlet engine: [Apache Tomcat/10.1.25]
2024-06-29T02:41:11.824+03:00  INFO 18568 --- [zasechkaServer] [main] o.a.c.c.C.[Tomcat].[localhost].[/]       : Initializing Spring embedded WebApplicationContext
2024-06-29T02:41:11.825+03:00  INFO 18568 --- [zasechkaServer] [main] w.s.c.ServletWebServerApplicationContext : Root WebApplicationContext: initialization completed in 1156 ms
2024-06-29T02:41:11.939+03:00  INFO 18568 --- [zasechkaServer] [main] com.zaxxer.hikari.HikariDataSource       : HikariPool-1 - Starting...
2024-06-29T02:41:12.161+03:00  INFO 18568 --- [zasechkaServer] [main] com.zaxxer.hikari.pool.HikariPool        : HikariPool-1 - Added connection org.postgresql.jdbc.PgConnection@17fede14
2024-06-29T02:41:12.162+03:00  INFO 18568 --- [zasechkaServer] [main] com.zaxxer.hikari.HikariDataSource       : HikariPool-1 - Start completed.
2024-06-29T02:41:12.198+03:00  INFO 18568 --- [zasechkaServer] [main] o.hibernate.jpa.internal.util.LogHelper  : HHH000204: Processing PersistenceUnitInfo [name: default]
2024-06-29T02:41:12.268+03:00  INFO 18568 --- [zasechkaServer] [main] org.hibernate.Version                    : HHH000412: Hibernate ORM core version 6.5.2.Final
2024-06-29T02:41:12.304+03:00  INFO 18568 --- [zasechkaServer] [main] o.h.c.internal.RegionFactoryInitiator    : HHH000026: Second-level cache disabled
2024-06-29T02:41:12.593+03:00  INFO 18568 --- [zasechkaServer] [main] o.s.o.j.p.SpringPersistenceUnitInfo      : No LoadTimeWeaver setup: ignoring JPA class transformer
2024-06-29T02:41:12.680+03:00  WARN 18568 --- [zasechkaServer] [main] org.hibernate.orm.deprecation            : HHH90000025: PostgreSQLDialect does not need to be specified explicitly using 'hibernate.dialect' (remove the property setting and it will be selected by default)
2024-06-29T02:41:13.275+03:00  INFO 18568 --- [zasechkaServer] [main] o.h.e.t.j.p.i.JtaPlatformInitiator       : HHH000489: No JTA platform available (set 'hibernate.transaction.jta.platform' to enable JTA platform integration)
2024-06-29T02:41:13.277+03:00  INFO 18568 --- [zasechkaServer] [main] j.LocalContainerEntityManagerFactoryBean : Initialized JPA EntityManagerFactory for persistence unit 'default'
2024-06-29T02:41:13.494+03:00  WARN 18568 --- [zasechkaServer] [main] JpaBaseConfiguration$JpaWebConfiguration : spring.jpa.open-in-view is enabled by default. Therefore, database queries may be performed during view rendering. Explicitly configure spring.jpa.open-in-view to disable this warning
2024-06-29T02:41:13.834+03:00  INFO 18568 --- [zasechkaServer] [main] o.s.b.w.embedded.tomcat.TomcatWebServer  : Tomcat started on port 8080 (http) with context path '/'
2024-06-29T02:41:13.841+03:00  INFO 18568 --- [zasechkaServer] [main] c.e.z.ZasechkaServerApplication          : Started ZasechkaServerApplication in 3.578 seconds (process running for 3.978)
2024-06-29T02:41:16.143+03:00  INFO 18568 --- [zasechkaServer] [http-nio-8080-exec-2] o.a.c.c.C.[Tomcat].[localhost].[/]       : Initializing Spring DispatcherServlet 'dispatcherServlet'
2024-06-29T02:41:16.143+03:00  INFO 18568 --- [zasechkaServer] [http-nio-8080-exec-2] o.s.web.servlet.DispatcherServlet        : Initializing Servlet 'dispatcherServlet'
2024-06-29T02:41:16.144+03:00  INFO 18568 --- [zasechkaServer] [http-nio-8080-exec-2] o.s.web.servlet.DispatcherServlet        : Completed initialization in 1 ms
2024-06-29T02:41:16.181+03:00 DEBUG 18568 --- [zasechkaServer] [http-nio-8080-exec-2] c.e.z.controller.CompetitionsController  : Получение всех участников
2024-06-29T02:41:16.310+03:00 DEBUG 18568 --- [zasechkaServer] [http-nio-8080-exec-2] c.e.z.controller.CompetitionsController  : Количество участников: 1
2024-06-29T02:41:16.310+03:00 DEBUG 18568 --- [zasechkaServer] [http-nio-8080-exec-2] c.e.z.controller.CompetitionsController  : Получение всех участников
